<xml><ToUserName><![CDATA[gh_2bdc7cc9336f]]></ToUserName>
<FromUserName><![CDATA[oM539vhyM4XQe1cp194eOWPJZl6M]]></FromUserName>
<CreateTime>1604716746</CreateTime>
<MsgType><![CDATA[event]]></MsgType>
<Event><![CDATA[subscribe]]></Event>
<EventKey><![CDATA[]]></EventKey>
</xml><xml><ToUserName><![CDATA[gh_2bdc7cc9336f]]></ToUserName>
<FromUserName><![CDATA[oM539vhyM4XQe1cp194eOWPJZl6M]]></FromUserName>
<CreateTime>1604716858</CreateTime>
<MsgType><![CDATA[event]]></MsgType>
<Event><![CDATA[unsubscribe]]></Event>
<EventKey><![CDATA[]]></EventKey>
</xml><xml><ToUserName><![CDATA[gh_2bdc7cc9336f]]></ToUserName>
<FromUserName><![CDATA[oM539vl7WgtGfPqbW3nYOTTT6HNQ]]></FromUserName>
<CreateTime>1604717666</CreateTime>
<MsgType><![CDATA[event]]></MsgType>
<Event><![CDATA[subscribe]]></Event>
<EventKey><![CDATA[]]></EventKey>
</xml><xml><ToUserName><![CDATA[gh_2bdc7cc9336f]]></ToUserName>
<FromUserName><![CDATA[oM539vhyM4XQe1cp194eOWPJZl6M]]></FromUserName>
<CreateTime>1604717753</CreateTime>
<MsgType><![CDATA[event]]></MsgType>
<Event><![CDATA[subscribe]]></Event>
<EventKey><![CDATA[]]></EventKey>
</xml>